# JRE version: Java(TM) SE Runtime Environment (21.0.5+9) (build 21.0.5+9-LTS-239)
# Java VM: Java HotSpot(TM) 64-Bit Server VM (21.0.5+9-LTS-239, mixed mode, sharing, tiered, compressed oops, compressed class ptrs, g1 gc, windows-amd64)
GC Precious Log:
 CardTable entry size: 512
 Card Set container configuration: InlinePtr #cards 5 size 8 Array Of Cards #cards 12 size 40 Howl #buckets 4 coarsen threshold 1843 Howl Bitmap #cards 512 size 80 coarsen threshold 460 Card regions per heap region 1 cards per card region 2048
 CPUs: 4 total, 4 available
 Memory: 8138M
 Large Page Support: Disabled
 NUMA Support: Disabled
 Compressed Oops: Enabled (32-bit)
 Heap Region Size: 1M
 Heap Min Capacity: 256M
 Heap Initial Capacity: 256M
 Heap Max Capacity: 512M
 Pre-touch: Disabled
 Parallel Workers: 4
 Concurrent Workers: 1
 Concurrent Refinement Workers: 4
 Periodic GC: Disabled
Heap:
 garbage-first heap   total 262144K, used 129536K [0x00000000e0000000, 0x0000000100000000)
  region size 1024K, 65 young (66560K), 5 survivors (5120K)
 Metaspace       used 62206K, committed 64320K, reserved 393216K
  class space    used 8694K, committed 9792K, reserved 327680K
GC Heap History (18 events):
Event: 0.351 GC heap before
{Heap before GC invocations=0 (full 0):
 garbage-first heap   total 262144K, used 13312K [0x00000000e0000000, 0x0000000100000000)
  region size 1024K, 13 young (13312K), 0 survivors (0K)
 Metaspace       used 819K, committed 960K, reserved 393216K
  class space    used 67K, committed 128K, reserved 327680K
}
Event: 0.353 GC heap after
{Heap after GC invocations=1 (full 0):
 garbage-first heap   total 262144K, used 1216K [0x00000000e0000000, 0x0000000100000000)
  region size 1024K, 2 young (2048K), 2 survivors (2048K)
 Metaspace       used 819K, committed 960K, reserved 393216K
  class space    used 67K, committed 128K, reserved 327680K
}
Event: 1.063 GC heap before
{Heap before GC invocations=1 (full 0):
 garbage-first heap   total 262144K, used 30912K [0x00000000e0000000, 0x0000000100000000)
  region size 1024K, 28 young (28672K), 2 survivors (2048K)
 Metaspace       used 4247K, committed 4480K, reserved 393216K
  class space    used 525K, committed 640K, reserved 327680K
}
Event: 1.067 GC heap after
{Heap after GC invocations=2 (full 0):
 garbage-first heap   total 262144K, used 10947K [0x00000000e0000000, 0x0000000100000000)
  region size 1024K, 4 young (4096K), 4 survivors (4096K)
 Metaspace       used 4247K, committed 4480K, reserved 393216K
  class space    used 525K, committed 640K, reserved 327680K
}
Event: 3.685 GC heap before
{Heap before GC invocations=2 (full 0):
 garbage-first heap   total 262144K, used 158403K [0x00000000e0000000, 0x0000000100000000)
  region size 1024K, 148 young (151552K), 4 survivors (4096K)
 Metaspace       used 20800K, committed 21504K, reserved 393216K
  class space    used 2965K, committed 3328K, reserved 327680K
}
Event: 3.701 GC heap after
{Heap after GC invocations=3 (full 0):
 garbage-first heap   total 262144K, used 24629K [0x00000000e0000000, 0x0000000100000000)
  region size 1024K, 17 young (17408K), 17 survivors (17408K)
 Metaspace       used 20800K, committed 21504K, reserved 393216K
  class space    used 2965K, committed 3328K, reserved 327680K
}
Event: 4.922 GC heap before
{Heap before GC invocations=4 (full 0):
 garbage-first heap   total 262144K, used 100405K [0x00000000e0000000, 0x0000000100000000)
  region size 1024K, 91 young (93184K), 17 survivors (17408K)
 Metaspace       used 31909K, committed 33152K, reserved 393216K
  class space    used 4601K, committed 5248K, reserved 327680K
}
Event: 4.939 GC heap after
{Heap after GC invocations=5 (full 0):
 garbage-first heap   total 262144K, used 29947K [0x00000000e0000000, 0x0000000100000000)
  region size 1024K, 6 young (6144K), 6 survivors (6144K)
 Metaspace       used 31909K, committed 33152K, reserved 393216K
  class space    used 4601K, committed 5248K, reserved 327680K
}
Event: 5.266 GC heap before
{Heap before GC invocations=5 (full 0):
 garbage-first heap   total 262144K, used 60667K [0x00000000e0000000, 0x0000000100000000)
  region size 1024K, 38 young (38912K), 6 survivors (6144K)
 Metaspace       used 34683K, committed 35968K, reserved 393216K
  class space    used 4882K, committed 5568K, reserved 327680K
}
Event: 5.272 GC heap after
{Heap after GC invocations=6 (full 0):
 garbage-first heap   total 262144K, used 32467K [0x00000000e0000000, 0x0000000100000000)
  region size 1024K, 8 young (8192K), 8 survivors (8192K)
 Metaspace       used 34683K, committed 35968K, reserved 393216K
  class space    used 4882K, committed 5568K, reserved 327680K
}
Event: 7.477 GC heap before
{Heap before GC invocations=7 (full 0):
 garbage-first heap   total 262144K, used 166611K [0x00000000e0000000, 0x0000000100000000)
  region size 1024K, 133 young (136192K), 8 survivors (8192K)
 Metaspace       used 49346K, committed 51072K, reserved 393216K
  class space    used 6985K, committed 7808K, reserved 327680K
}
Event: 7.490 GC heap after
{Heap after GC invocations=8 (full 0):
 garbage-first heap   total 262144K, used 39675K [0x00000000e0000000, 0x0000000100000000)
  region size 1024K, 15 young (15360K), 15 survivors (15360K)
 Metaspace       used 49346K, committed 51072K, reserved 393216K
  class space    used 6985K, committed 7808K, reserved 327680K
}
Event: 10.157 GC heap before
{Heap before GC invocations=8 (full 0):
 garbage-first heap   total 262144K, used 180987K [0x00000000e0000000, 0x0000000100000000)
  region size 1024K, 153 young (156672K), 15 survivors (15360K)
 Metaspace       used 57166K, committed 59072K, reserved 393216K
  class space    used 8054K, committed 9024K, reserved 327680K
}
Event: 10.179 GC heap after
{Heap after GC invocations=9 (full 0):
 garbage-first heap   total 262144K, used 49409K [0x00000000e0000000, 0x0000000100000000)
  region size 1024K, 20 young (20480K), 20 survivors (20480K)
 Metaspace       used 57166K, committed 59072K, reserved 393216K
  class space    used 8054K, committed 9024K, reserved 327680K
}
Event: 11.501 GC heap before
{Heap before GC invocations=9 (full 0):
 garbage-first heap   total 262144K, used 135425K [0x00000000e0000000, 0x0000000100000000)
  region size 1024K, 106 young (108544K), 20 survivors (20480K)
 Metaspace       used 58427K, committed 60416K, reserved 393216K
  class space    used 8141K, committed 9152K, reserved 327680K
}
Event: 11.531 GC heap after
{Heap after GC invocations=10 (full 0):
 garbage-first heap   total 262144K, used 61952K [0x00000000e0000000, 0x0000000100000000)
  region size 1024K, 12 young (12288K), 12 survivors (12288K)
 Metaspace       used 58427K, committed 60416K, reserved 393216K
  class space    used 8141K, committed 9152K, reserved 327680K
}
Event: 13.228 GC heap before
{Heap before GC invocations=11 (full 0):
 garbage-first heap   total 262144K, used 208384K [0x00000000e0000000, 0x0000000100000000)
  region size 1024K, 153 young (156672K), 12 survivors (12288K)
 Metaspace       used 61834K, committed 64000K, reserved 393216K
  class space    used 8669K, committed 9792K, reserved 327680K
}
Event: 13.240 GC heap after
{Heap after GC invocations=12 (full 0):
 garbage-first heap   total 262144K, used 64000K [0x00000000e0000000, 0x0000000100000000)
  region size 1024K, 5 young (5120K), 5 survivors (5120K)
 Metaspace       used 61834K, committed 64000K, reserved 393216K
  class space    used 8669K, committed 9792K, reserved 327680K
}

