<?xml version="1.0" encoding="UTF-8"?>
<testsuite name="com.micros.discoveryservice.DiscoveryServiceApplicationTests" tests="1" skipped="0" failures="0" errors="0" timestamp="2024-09-29T17:46:45" hostname="DESKTOP-K4EEA45" time="1.314">
  <properties/>
  <testcase name="contextLoads()" classname="com.micros.discoveryservice.DiscoveryServiceApplicationTests" time="1.314"/>
  <system-out><![CDATA[12:46:35.537 [Test worker] INFO org.springframework.test.context.support.AnnotationConfigContextLoaderUtils -- Could not detect default configuration classes for test class [com.micros.discoveryservice.DiscoveryServiceApplicationTests]: DiscoveryServiceApplicationTests does not declare any static, non-private, non-final, nested classes annotated with @Configuration.
12:46:35.735 [Test worker] INFO org.springframework.boot.test.context.SpringBootTestContextBootstrapper -- Found @SpringBootConfiguration com.micros.discoveryservice.DiscoveryServiceApplication for test class com.micros.discoveryservice.DiscoveryServiceApplicationTests

  .   ____          _            __ _ _
 /\\ / ___'_ __ _ _(_)_ __  __ _ \ \ \ \
( ( )\___ | '_ | '_| | '_ \/ _` | \ \ \ \
 \\/  ___)| |_)| | | | | || (_| |  ) ) ) )
  '  |____| .__|_| |_|_| |_\__, | / / / /
 =========|_|==============|___/=/_/_/_/

 :: Spring Boot ::                (v3.3.4)

2024-09-29T12:46:36.687-05:00  INFO 11956 --- [discovery-service] [    Test worker] c.m.d.DiscoveryServiceApplicationTests   : Starting DiscoveryServiceApplicationTests using Java 17.0.12 with PID 11956 (started by Isaac in C:\Users\Isaac\IdeaProjects\MicroService\discovery-service)
2024-09-29T12:46:36.690-05:00  INFO 11956 --- [discovery-service] [    Test worker] c.m.d.DiscoveryServiceApplicationTests   : No active profile set, falling back to 1 default profile: "default"
2024-09-29T12:46:39.022-05:00  INFO 11956 --- [discovery-service] [    Test worker] o.s.cloud.context.scope.GenericScope     : BeanFactory id=356e3fd6-4713-3544-ae7e-3448464f88c3
2024-09-29T12:46:39.197-05:00  WARN 11956 --- [discovery-service] [    Test worker] trationDelegate$BeanPostProcessorChecker : Bean 'org.springframework.cloud.client.loadbalancer.LoadBalancerAutoConfiguration$DeferringLoadBalancerInterceptorConfig' of type [org.springframework.cloud.client.loadbalancer.LoadBalancerAutoConfiguration$DeferringLoadBalancerInterceptorConfig] is not eligible for getting processed by all BeanPostProcessors (for example: not eligible for auto-proxying). The currently created BeanPostProcessor [lbRestClientPostProcessor] is declared through a non-static factory method on that class; consider declaring it as static instead.
2024-09-29T12:46:39.202-05:00  WARN 11956 --- [discovery-service] [    Test worker] trationDelegate$BeanPostProcessorChecker : Bean 'deferringLoadBalancerInterceptor' of type [org.springframework.cloud.client.loadbalancer.DeferringLoadBalancerInterceptor] is not eligible for getting processed by all BeanPostProcessors (for example: not eligible for auto-proxying). Is this bean getting eagerly injected into a currently created BeanPostProcessor [lbRestClientPostProcessor]? Check the corresponding BeanPostProcessor declaration and its dependencies.
2024-09-29T12:46:43.489-05:00  WARN 11956 --- [discovery-service] [    Test worker] iguration$LoadBalancerCaffeineWarnLogger : Spring Cloud LoadBalancer is currently working with the default cache. While this cache implementation is useful for development and tests, it's recommended to use Caffeine cache in production.You can switch to using Caffeine cache, by adding it and org.springframework.cache.caffeine.CaffeineCacheManager to the classpath.
2024-09-29T12:46:44.091-05:00  INFO 11956 --- [discovery-service] [    Test worker] o.s.c.n.eureka.InstanceInfoFactory       : Setting initial instance status as: STARTING
2024-09-29T12:46:44.153-05:00  INFO 11956 --- [discovery-service] [    Test worker] com.netflix.discovery.DiscoveryClient    : Initializing Eureka in region us-east-1
2024-09-29T12:46:44.158-05:00  INFO 11956 --- [discovery-service] [    Test worker] com.netflix.discovery.DiscoveryClient    : Client configured to neither register nor query for data.
2024-09-29T12:46:44.164-05:00  INFO 11956 --- [discovery-service] [    Test worker] com.netflix.discovery.DiscoveryClient    : Discovery Client initialized at timestamp 1727632004161 with initial instances count: 0
2024-09-29T12:46:44.257-05:00  INFO 11956 --- [discovery-service] [    Test worker] c.n.eureka.DefaultEurekaServerContext    : Initializing ...
2024-09-29T12:46:44.261-05:00  INFO 11956 --- [discovery-service] [    Test worker] c.n.eureka.cluster.PeerEurekaNodes       : Adding new peer nodes [http://localhost:8761/eureka/]
2024-09-29T12:46:44.561-05:00  INFO 11956 --- [discovery-service] [    Test worker] c.n.d.provider.DiscoveryJerseyProvider   : Using JSON encoding codec LegacyJacksonJson
2024-09-29T12:46:44.562-05:00  INFO 11956 --- [discovery-service] [    Test worker] c.n.d.provider.DiscoveryJerseyProvider   : Using JSON decoding codec LegacyJacksonJson
2024-09-29T12:46:44.562-05:00  INFO 11956 --- [discovery-service] [    Test worker] c.n.d.provider.DiscoveryJerseyProvider   : Using XML encoding codec XStreamXml
2024-09-29T12:46:44.562-05:00  INFO 11956 --- [discovery-service] [    Test worker] c.n.d.provider.DiscoveryJerseyProvider   : Using XML decoding codec XStreamXml
2024-09-29T12:46:44.670-05:00  INFO 11956 --- [discovery-service] [    Test worker] c.n.eureka.cluster.PeerEurekaNodes       : Replica node URL:  http://localhost:8761/eureka/
2024-09-29T12:46:44.694-05:00  INFO 11956 --- [discovery-service] [    Test worker] c.n.e.registry.AbstractInstanceRegistry  : Finished initializing remote region registries. All known remote regions: []
2024-09-29T12:46:44.694-05:00  INFO 11956 --- [discovery-service] [    Test worker] c.n.eureka.DefaultEurekaServerContext    : Initialized
2024-09-29T12:46:44.938-05:00  INFO 11956 --- [discovery-service] [    Test worker] o.s.b.a.e.web.EndpointLinksResolver      : Exposing 1 endpoint beneath base path '/actuator'
2024-09-29T12:46:45.032-05:00  INFO 11956 --- [discovery-service] [    Test worker] o.s.c.n.e.s.EurekaServiceRegistry        : Registering application DISCOVERY-SERVICE with eureka with status UP
2024-09-29T12:46:45.062-05:00  INFO 11956 --- [discovery-service] [      Thread-12] o.s.c.n.e.server.EurekaServerBootstrap   : isAws returned false
2024-09-29T12:46:45.063-05:00  INFO 11956 --- [discovery-service] [      Thread-12] o.s.c.n.e.server.EurekaServerBootstrap   : Initialized server context
2024-09-29T12:46:45.063-05:00  INFO 11956 --- [discovery-service] [      Thread-12] c.n.e.r.PeerAwareInstanceRegistryImpl    : Got 1 instances from neighboring DS node
2024-09-29T12:46:45.063-05:00  INFO 11956 --- [discovery-service] [      Thread-12] c.n.e.r.PeerAwareInstanceRegistryImpl    : Renew threshold is: 1
2024-09-29T12:46:45.064-05:00  INFO 11956 --- [discovery-service] [      Thread-12] c.n.e.r.PeerAwareInstanceRegistryImpl    : Changing status to UP
2024-09-29T12:46:45.067-05:00  INFO 11956 --- [discovery-service] [      Thread-12] e.s.EurekaServerInitializerConfiguration : Started Eureka Server
2024-09-29T12:46:45.072-05:00  INFO 11956 --- [discovery-service] [    Test worker] c.m.d.DiscoveryServiceApplicationTests   : Started DiscoveryServiceApplicationTests in 9.025 seconds (process running for 11.013)
]]></system-out>
  <system-err><![CDATA[]]></system-err>
</testsuite>
